INFO 2023-11-17 21:57:50,354 autoreload 10248 3172 Watching for file changes with StatReloader
WARNING 2023-11-17 21:57:56,792 log 10248 4504 Not Found: /
WARNING 2023-11-17 21:57:56,792 basehttp 10248 4504 "GET / HTTP/1.1" 404 2469
INFO 2023-11-17 21:59:04,619 autoreload 3620 3232 Watching for file changes with StatReloader
WARNING 2023-11-17 21:59:06,680 base 3620 6600 Method Not Allowed (GET): /
WARNING 2023-11-17 21:59:06,680 log 3620 6600 Method Not Allowed: /
WARNING 2023-11-17 21:59:06,680 basehttp 3620 6600 "GET / HTTP/1.1" 405 0
WARNING 2023-11-17 21:59:08,952 base 3620 6600 Method Not Allowed (GET): /
WARNING 2023-11-17 21:59:08,952 log 3620 6600 Method Not Allowed: /
WARNING 2023-11-17 21:59:08,953 basehttp 3620 6600 "GET / HTTP/1.1" 405 0
INFO 2023-11-17 22:00:15,316 autoreload 7872 10256 Watching for file changes with StatReloader
ERROR 2023-11-17 22:00:17,044 log 7872 6624 Internal Server Error: /
Traceback (most recent call last):
  File "F:\projects_1\barberShop\venv\Lib\site-packages\django\core\handlers\exception.py", line 55, in inner
    response = get_response(request)
               ^^^^^^^^^^^^^^^^^^^^^
  File "F:\projects_1\barberShop\venv\Lib\site-packages\django\core\handlers\base.py", line 197, in _get_response
    response = wrapped_callback(request, *callback_args, **callback_kwargs)
               ^^^^^^^^^^^^^^^^^^^^^^^^^^^^^^^^^^^^^^^^^^^^^^^^^^^^^^^^^^^^
  File "F:\projects_1\barberShop\venv\Lib\site-packages\django\views\generic\base.py", line 104, in view
    return self.dispatch(request, *args, **kwargs)
           ^^^^^^^^^^^^^^^^^^^^^^^^^^^^^^^^^^^^^^^
  File "F:\projects_1\barberShop\venv\Lib\site-packages\django\views\generic\base.py", line 143, in dispatch
    return handler(request, *args, **kwargs)
           ^^^^^^^^^^^^^^^^^^^^^^^^^^^^^^^^^
TypeError: BarberappView.get() takes 1 positional argument but 2 were given
ERROR 2023-11-17 22:00:17,045 basehttp 7872 6624 "GET / HTTP/1.1" 500 76252
INFO 2023-11-17 22:00:56,677 autoreload 3404 3232 Watching for file changes with StatReloader
INFO 2023-11-17 22:00:58,017 basehttp 3404 11068 "GET / HTTP/1.1" 200 118
INFO 2023-11-17 22:01:00,810 basehttp 3404 11068 "GET / HTTP/1.1" 200 118
INFO 2023-11-17 22:08:18,876 autoreload 2880 11968 Watching for file changes with StatReloader
ERROR 2023-11-17 22:08:21,275 log 2880 11128 Internal Server Error: /
Traceback (most recent call last):
  File "F:\projects_1\barberShop\venv\Lib\site-packages\django\core\handlers\exception.py", line 55, in inner
    response = get_response(request)
               ^^^^^^^^^^^^^^^^^^^^^
  File "F:\projects_1\barberShop\venv\Lib\site-packages\django\core\handlers\base.py", line 197, in _get_response
    response = wrapped_callback(request, *callback_args, **callback_kwargs)
               ^^^^^^^^^^^^^^^^^^^^^^^^^^^^^^^^^^^^^^^^^^^^^^^^^^^^^^^^^^^^
  File "F:\projects_1\barberShop\venv\Lib\site-packages\django\views\generic\base.py", line 104, in view
    return self.dispatch(request, *args, **kwargs)
           ^^^^^^^^^^^^^^^^^^^^^^^^^^^^^^^^^^^^^^^
  File "F:\projects_1\barberShop\venv\Lib\site-packages\django\views\generic\base.py", line 143, in dispatch
    return handler(request, *args, **kwargs)
           ^^^^^^^^^^^^^^^^^^^^^^^^^^^^^^^^^
  File "F:\projects_1\barberShop\barberapp\views.py", line 14, in get
    return render(request, 'barberapp/index.html', context=content)
           ^^^^^^^^^^^^^^^^^^^^^^^^^^^^^^^^^^^^^^^^^^^^^^^^^^^^^^^^
  File "F:\projects_1\barberShop\venv\Lib\site-packages\django\shortcuts.py", line 24, in render
    content = loader.render_to_string(template_name, context, request, using=using)
              ^^^^^^^^^^^^^^^^^^^^^^^^^^^^^^^^^^^^^^^^^^^^^^^^^^^^^^^^^^^^^^^^^^^^^
  File "F:\projects_1\barberShop\venv\Lib\site-packages\django\template\loader.py", line 62, in render_to_string
    return template.render(context, request)
           ^^^^^^^^^^^^^^^^^^^^^^^^^^^^^^^^^
  File "F:\projects_1\barberShop\venv\Lib\site-packages\django\template\backends\django.py", line 61, in render
    return self.template.render(context)
           ^^^^^^^^^^^^^^^^^^^^^^^^^^^^^
  File "F:\projects_1\barberShop\venv\Lib\site-packages\django\template\base.py", line 175, in render
    return self._render(context)
           ^^^^^^^^^^^^^^^^^^^^^
  File "F:\projects_1\barberShop\venv\Lib\site-packages\django\template\base.py", line 167, in _render
    return self.nodelist.render(context)
           ^^^^^^^^^^^^^^^^^^^^^^^^^^^^^
  File "F:\projects_1\barberShop\venv\Lib\site-packages\django\template\base.py", line 1005, in render
    return SafeString("".join([node.render_annotated(context) for node in self]))
                              ^^^^^^^^^^^^^^^^^^^^^^^^^^^^^^^^^^^^^^^^^^^^^^^^^
  File "F:\projects_1\barberShop\venv\Lib\site-packages\django\template\base.py", line 1005, in <listcomp>
    return SafeString("".join([node.render_annotated(context) for node in self]))
                               ^^^^^^^^^^^^^^^^^^^^^^^^^^^^^^
  File "F:\projects_1\barberShop\venv\Lib\site-packages\django\template\base.py", line 966, in render_annotated
    return self.render(context)
           ^^^^^^^^^^^^^^^^^^^^
  File "F:\projects_1\barberShop\venv\Lib\site-packages\django\template\loader_tags.py", line 132, in render
    compiled_parent = self.get_parent(context)
                      ^^^^^^^^^^^^^^^^^^^^^^^^
  File "F:\projects_1\barberShop\venv\Lib\site-packages\django\template\loader_tags.py", line 129, in get_parent
    return self.find_template(parent, context)
           ^^^^^^^^^^^^^^^^^^^^^^^^^^^^^^^^^^^
  File "F:\projects_1\barberShop\venv\Lib\site-packages\django\template\loader_tags.py", line 107, in find_template
    template, origin = context.template.engine.find_template(
                       ^^^^^^^^^^^^^^^^^^^^^^^^^^^^^^^^^^^^^^
  File "F:\projects_1\barberShop\venv\Lib\site-packages\django\template\engine.py", line 157, in find_template
    template = loader.get_template(name, skip=skip)
               ^^^^^^^^^^^^^^^^^^^^^^^^^^^^^^^^^^^^
  File "F:\projects_1\barberShop\venv\Lib\site-packages\django\template\loaders\cached.py", line 57, in get_template
    template = super().get_template(template_name, skip)
               ^^^^^^^^^^^^^^^^^^^^^^^^^^^^^^^^^^^^^^^^^
  File "F:\projects_1\barberShop\venv\Lib\site-packages\django\template\loaders\base.py", line 28, in get_template
    return Template(
           ^^^^^^^^^
  File "F:\projects_1\barberShop\venv\Lib\site-packages\django\template\base.py", line 154, in __init__
    self.nodelist = self.compile_nodelist()
                    ^^^^^^^^^^^^^^^^^^^^^^^
  File "F:\projects_1\barberShop\venv\Lib\site-packages\django\template\base.py", line 200, in compile_nodelist
    return parser.parse()
           ^^^^^^^^^^^^^^
  File "F:\projects_1\barberShop\venv\Lib\site-packages\django\template\base.py", line 513, in parse
    raise self.error(token, e)
  File "F:\projects_1\barberShop\venv\Lib\site-packages\django\template\base.py", line 511, in parse
    compiled_result = compile_func(self, token)
                      ^^^^^^^^^^^^^^^^^^^^^^^^^
  File "F:\projects_1\barberShop\venv\Lib\site-packages\django\template\loader_tags.py", line 220, in do_block
    raise TemplateSyntaxError("'%s' tag takes only one argument" % bits[0])
django.template.exceptions.TemplateSyntaxError: 'block' tag takes only one argument
ERROR 2023-11-17 22:08:21,280 basehttp 2880 11128 "GET / HTTP/1.1" 500 169937
INFO 2023-11-17 22:08:36,087 autoreload 9340 8248 Watching for file changes with StatReloader
INFO 2023-11-17 22:08:39,388 basehttp 9340 7640 "GET / HTTP/1.1" 200 131
INFO 2023-11-17 22:08:52,318 autoreload 4628 10528 Watching for file changes with StatReloader
INFO 2023-11-17 22:08:54,059 basehttp 4628 11296 "GET / HTTP/1.1" 200 132
INFO 2023-11-17 22:10:38,039 autoreload 4628 10528 F:\projects_1\barberShop\barberapp\models.py changed, reloading.
INFO 2023-11-17 22:10:38,419 autoreload 12752 12576 Watching for file changes with StatReloader
INFO 2023-11-17 22:11:00,854 autoreload 12752 12576 F:\projects_1\barberShop\barberapp\models.py changed, reloading.
INFO 2023-11-17 22:11:01,225 autoreload 4716 10916 Watching for file changes with StatReloader
INFO 2023-11-17 22:11:23,661 autoreload 4716 10916 F:\projects_1\barberShop\barberapp\models.py changed, reloading.
INFO 2023-11-17 22:11:24,043 autoreload 7512 2760 Watching for file changes with StatReloader
INFO 2023-11-17 22:11:52,653 autoreload 7512 2760 F:\projects_1\barberShop\barberapp\models.py changed, reloading.
INFO 2023-11-17 22:11:53,021 autoreload 13292 10680 Watching for file changes with StatReloader
INFO 2023-11-17 22:12:10,416 autoreload 13292 10680 F:\projects_1\barberShop\barberapp\models.py changed, reloading.
INFO 2023-11-17 22:12:10,799 autoreload 4976 6624 Watching for file changes with StatReloader
INFO 2023-11-17 22:12:14,080 autoreload 4976 6624 F:\projects_1\barberShop\barberapp\models.py changed, reloading.
INFO 2023-11-17 22:12:14,483 autoreload 1052 6188 Watching for file changes with StatReloader
INFO 2023-11-17 22:13:01,342 autoreload 1052 6188 F:\projects_1\barberShop\barberapp\models.py changed, reloading.
INFO 2023-11-17 22:13:01,723 autoreload 6740 3588 Watching for file changes with StatReloader
INFO 2023-11-17 22:13:11,146 autoreload 6740 3588 F:\projects_1\barberShop\barberapp\models.py changed, reloading.
INFO 2023-11-17 22:13:11,540 autoreload 3924 13564 Watching for file changes with StatReloader
INFO 2023-11-17 22:13:23,874 autoreload 3924 13564 F:\projects_1\barberShop\barberapp\models.py changed, reloading.
INFO 2023-11-17 22:13:24,267 autoreload 2744 8972 Watching for file changes with StatReloader
INFO 2023-11-17 22:15:09,585 autoreload 2744 8972 F:\projects_1\barberShop\barberapp\models.py changed, reloading.
INFO 2023-11-17 22:15:09,952 autoreload 5840 2480 Watching for file changes with StatReloader
INFO 2023-11-17 22:15:14,190 autoreload 5840 2480 F:\projects_1\barberShop\barberapp\models.py changed, reloading.
INFO 2023-11-17 22:15:14,562 autoreload 11956 2676 Watching for file changes with StatReloader
INFO 2023-11-17 22:15:35,072 autoreload 11956 2676 F:\projects_1\barberShop\barberapp\models.py changed, reloading.
INFO 2023-11-17 22:15:35,481 autoreload 5084 12632 Watching for file changes with StatReloader
INFO 2023-11-17 22:15:42,811 autoreload 5084 12632 F:\projects_1\barberShop\barberapp\models.py changed, reloading.
INFO 2023-11-17 22:15:43,191 autoreload 2568 11204 Watching for file changes with StatReloader
INFO 2023-11-17 22:15:46,467 autoreload 2568 11204 F:\projects_1\barberShop\barberapp\models.py changed, reloading.
INFO 2023-11-17 22:15:46,846 autoreload 7944 9064 Watching for file changes with StatReloader
INFO 2023-11-17 22:16:15,407 autoreload 7944 9064 F:\projects_1\barberShop\barberapp\models.py changed, reloading.
INFO 2023-11-17 22:16:15,811 autoreload 13528 1964 Watching for file changes with StatReloader
INFO 2023-11-17 22:16:20,057 autoreload 13528 1964 F:\projects_1\barberShop\barberapp\models.py changed, reloading.
INFO 2023-11-17 22:16:20,426 autoreload 13632 11212 Watching for file changes with StatReloader
INFO 2023-11-17 22:16:23,684 autoreload 13632 11212 F:\projects_1\barberShop\barberapp\models.py changed, reloading.
INFO 2023-11-17 22:16:24,089 autoreload 4320 5912 Watching for file changes with StatReloader
INFO 2023-11-17 22:16:34,436 autoreload 4320 5912 F:\projects_1\barberShop\barberapp\models.py changed, reloading.
INFO 2023-11-17 22:16:34,810 autoreload 944 4028 Watching for file changes with StatReloader
INFO 2023-11-17 22:16:45,117 autoreload 944 4028 F:\projects_1\barberShop\barberapp\models.py changed, reloading.
INFO 2023-11-17 22:16:45,511 autoreload 12368 13040 Watching for file changes with StatReloader
INFO 2023-11-17 22:17:01,942 autoreload 12368 13040 F:\projects_1\barberShop\barberapp\models.py changed, reloading.
INFO 2023-11-17 22:17:02,349 autoreload 1604 9540 Watching for file changes with StatReloader
INFO 2023-11-17 22:17:13,709 autoreload 1604 9540 F:\projects_1\barberShop\barberapp\models.py changed, reloading.
INFO 2023-11-17 22:17:14,117 autoreload 2220 6600 Watching for file changes with StatReloader
INFO 2023-11-17 22:17:28,518 autoreload 2220 6600 F:\projects_1\barberShop\barberapp\models.py changed, reloading.
INFO 2023-11-17 22:17:28,904 autoreload 8064 5868 Watching for file changes with StatReloader
INFO 2023-11-17 22:17:32,129 autoreload 8064 5868 F:\projects_1\barberShop\barberapp\models.py changed, reloading.
INFO 2023-11-17 22:17:32,509 autoreload 2748 10932 Watching for file changes with StatReloader
INFO 2023-11-17 22:19:07,927 autoreload 2748 10932 F:\projects_1\barberShop\barberapp\models.py changed, reloading.
INFO 2023-11-17 22:19:08,366 autoreload 3556 5604 Watching for file changes with StatReloader
INFO 2023-11-17 22:19:45,075 autoreload 3556 5604 F:\projects_1\barberShop\barberapp\models.py changed, reloading.
INFO 2023-11-17 22:19:45,504 autoreload 3768 12368 Watching for file changes with StatReloader
INFO 2023-11-17 22:19:51,769 autoreload 3768 12368 F:\projects_1\barberShop\barberapp\models.py changed, reloading.
INFO 2023-11-17 22:19:52,146 autoreload 5984 5628 Watching for file changes with StatReloader
INFO 2023-11-17 22:19:57,401 autoreload 5984 5628 F:\projects_1\barberShop\barberapp\models.py changed, reloading.
INFO 2023-11-17 22:19:57,829 autoreload 948 4556 Watching for file changes with StatReloader
INFO 2023-11-17 22:20:03,086 autoreload 948 4556 F:\projects_1\barberShop\barberapp\models.py changed, reloading.
INFO 2023-11-17 22:20:03,479 autoreload 488 6256 Watching for file changes with StatReloader
INFO 2023-11-17 22:20:19,848 autoreload 488 6256 F:\projects_1\barberShop\barberapp\models.py changed, reloading.
INFO 2023-11-17 22:20:20,240 autoreload 6664 12220 Watching for file changes with StatReloader
INFO 2023-11-17 22:20:45,713 autoreload 6664 12220 F:\projects_1\barberShop\barberapp\models.py changed, reloading.
INFO 2023-11-17 22:20:46,090 autoreload 10148 2304 Watching for file changes with StatReloader
